{
  "stats": {
    "suites": 1,
    "tests": 1,
    "passes": 0,
    "pending": 0,
    "failures": 1,
    "start": "2022-07-29T22:45:40.712Z",
    "end": "2022-07-29T22:45:41.663Z",
    "duration": 951,
    "testsRegistered": 1,
    "passPercent": 0,
    "pendingPercent": 0,
    "other": 0,
    "hasOther": false,
    "skipped": 0,
    "hasSkipped": false
  },
  "results": [
    {
      "uuid": "2e8963ca-cb34-4df3-b369-467eb72ce0b7",
      "title": "",
      "fullFile": "cypress/integration/secrets/01.Startest_spec.js",
      "file": "cypress/integration/secrets/01.Startest_spec.js",
      "beforeHooks": [],
      "afterHooks": [],
      "tests": [],
      "suites": [
        {
          "uuid": "a7a4f10b-3c84-4b75-98a9-f55a337968c8",
          "title": "Requisito 1 Startest não avaliativo",
          "fullFile": "",
          "file": "",
          "beforeHooks": [],
          "afterHooks": [],
          "tests": [
            {
              "title": "🌟 Startest - Desenvolva os testes automatizados do requisito 1",
              "fullTitle": "Requisito 1 Startest não avaliativo 🌟 Startest - Desenvolva os testes automatizados do requisito 1",
              "timedOut": null,
              "duration": 886,
              "state": "failed",
              "speed": null,
              "pass": false,
              "fail": true,
              "pending": false,
              "context": null,
              "code": "const loginStartest = new _startest.default({\n  testFileName: '01.star.test.js',\n  componentPath: 'src/pages/Login',\n  mockName: 'Login',\n  defaultProps: {\n    initialRoute: '/',\n    emailTestId: _constants.EMAIL_INPUT_TEST_ID,\n    passwordTestId: _constants.PASSWORD_INPUT_TEST_ID,\n    btnText: 'Entrar',\n    btnAlwaysEnabled: false,\n    emailAlwaysInvalid: false,\n    passwordAlwaysInvalid: false,\n    minPasswordLength: 6,\n    emailValidationBug: false,\n    shouldDispatch: true,\n    onSubmitRedirect: '/carteira'\n  }\n});\nconst testCases = [{\n  initialRoute: '/invalidRoute'\n}, {\n  emailTestId: ''\n}, {\n  passwordTestId: ''\n}, {\n  btnText: ''\n}, {\n  btnAlwaysEnabled: true\n}, {\n  emailAlwaysInvalid: true\n}, {\n  passwordAlwaysInvalid: true\n}, {\n  minPasswordLength: 0,\n  emailValidationBug: true\n}, {\n  emailValidationBug: true\n}, {\n  minPasswordLength: 0\n}, {\n  shouldDispatch: false\n}, {\n  onSubmitRedirect: '/'\n}];\nconst logCreators = {\n  btnText: 'Texto do botão',\n  initialRoute: 'Rota inicial',\n  btnAlwaysEnabled: () => 'Botão está sempre habilitado',\n  emailAlwaysInvalid: () => 'Validação do email nunca funciona',\n  passwordAlwaysInvalid: () => 'Validação da senha nunca funciona',\n  minPasswordLength: () => 'Validação da senha não está funcionando corretamente',\n  emailValidationBug: () => 'Validação do email não está funcionando corretamente',\n  shouldDispatch: () => 'Email não foi salvo na store',\n  onSubmitRedirect: 'Redirecionamento após o submit'\n};\nawait loginStartest.runTestCases(testCases, logCreators);",
              "err": {
                "message": "[Startest Error]: 🚨 Teste inicial falhou 🚨\n\nCommand failed: npm test 01.star.test.js -- --watchAll=false --json --testFailureExitCode=0\nNo tests found, exiting with code 1\nRun with `--passWithNoTests` to exit with code 0\nIn /home/larissa/Documents/Trybe/Projetos/sd-022-a-project-trybewallet\n  17 files checked.\n  testMatch: /home/larissa/Documents/Trybe/Projetos/sd-022-a-project-trybewallet/src/**/__tests__/**/*.{js,jsx,ts,tsx}, /home/larissa/Documents/Trybe/Projetos/sd-022-a-project-trybewallet/src/**/*.{spec,test}.{js,jsx,ts,tsx} - 0 matches\n  testPathIgnorePatterns: /node_modules/ - 17 matches\n  testRegex:  - 0 matches\nPattern: 01.star.test.js - 0 matches\nnpm ERR! Test failed.  See above for more details.\n",
                "estack": "[Startest Error]: 🚨 Teste inicial falhou 🚨\n\nCommand failed: npm test 01.star.test.js -- --watchAll=false --json --testFailureExitCode=0\nNo tests found, exiting with code 1\nRun with `--passWithNoTests` to exit with code 0\nIn /home/larissa/Documents/Trybe/Projetos/sd-022-a-project-trybewallet\n  17 files checked.\n  testMatch: /home/larissa/Documents/Trybe/Projetos/sd-022-a-project-trybewallet/src/**/__tests__/**/*.{js,jsx,ts,tsx}, /home/larissa/Documents/Trybe/Projetos/sd-022-a-project-trybewallet/src/**/*.{spec,test}.{js,jsx,ts,tsx} - 0 matches\n  testPathIgnorePatterns: /node_modules/ - 17 matches\n  testRegex:  - 0 matches\nPattern: 01.star.test.js - 0 matches\nnpm ERR! Test failed.  See above for more details.\n\n    at Startest.showTestResult (http://localhost:44407/__cypress/tests?p=cypress/integration/secrets/01.Startest_spec.js:835:13)\n    at async Context.eval (http://localhost:44407/__cypress/tests?p=cypress/integration/secrets/01.Startest_spec.js:374:5)",
                "diff": null
              },
              "uuid": "942ad280-b701-4b1e-9068-3a3b19cc9a6c",
              "parentUUID": "a7a4f10b-3c84-4b75-98a9-f55a337968c8",
              "isHook": false,
              "skipped": false
            }
          ],
          "suites": [],
          "passes": [],
          "failures": [
            "942ad280-b701-4b1e-9068-3a3b19cc9a6c"
          ],
          "pending": [],
          "skipped": [],
          "duration": 886,
          "root": false,
          "rootEmpty": false,
          "_timeout": 2000
        }
      ],
      "passes": [],
      "failures": [],
      "pending": [],
      "skipped": [],
      "duration": 0,
      "root": true,
      "rootEmpty": true,
      "_timeout": 2000
    }
  ],
  "meta": {
    "mocha": {
      "version": "7.0.1"
    },
    "mochawesome": {
      "options": {
        "quiet": false,
        "reportFilename": "mochawesome",
        "saveHtml": false,
        "saveJson": true,
        "consoleReporter": "spec",
        "useInlineDiffs": false,
        "code": true
      },
      "version": "7.1.3"
    },
    "marge": {
      "options": {
        "id": "default",
        "reportDir": "cypress/reports",
        "overwrite": false,
        "html": false,
        "json": true
      },
      "version": "6.2.0"
    }
  }
}