{
  "stats": {
    "suites": 1,
    "tests": 4,
    "passes": 0,
    "pending": 0,
    "failures": 4,
    "start": "2022-07-29T22:45:02.234Z",
    "end": "2022-07-29T22:45:05.950Z",
    "duration": 3716,
    "testsRegistered": 4,
    "passPercent": 0,
    "pendingPercent": 0,
    "other": 0,
    "hasOther": false,
    "skipped": 0,
    "hasSkipped": false
  },
  "results": [
    {
      "uuid": "864b347f-397c-4503-837a-a3f0d8c869ff",
      "title": "",
      "fullFile": "cypress/integration/05.TestCoverage_spec.js",
      "file": "cypress/integration/05.TestCoverage_spec.js",
      "beforeHooks": [],
      "afterHooks": [],
      "tests": [],
      "suites": [
        {
          "uuid": "173811a4-752c-47c5-aaea-0b880857152c",
          "title": "5 - Desenvolva testes para atingir 60% de cobertura total da aplicação",
          "fullFile": "",
          "file": "",
          "beforeHooks": [],
          "afterHooks": [],
          "tests": [
            {
              "title": "Cobertura de \"Statements\" total deverá ser maior ou igual a 60.",
              "fullTitle": "5 - Desenvolva testes para atingir 60% de cobertura total da aplicação Cobertura de \"Statements\" total deverá ser maior ou igual a 60.",
              "timedOut": null,
              "duration": 1334,
              "state": "failed",
              "speed": null,
              "pass": false,
              "fail": true,
              "pending": false,
              "context": null,
              "code": "cy.task('getCoverage', (0, _getId.getId)()).its('total.statements.pct', {\n  timeout: 0\n}).should('be.gte', 60.00);",
              "err": {
                "message": "CypressError: `cy.task('getCoverage')` failed with the following error:\n\n> Command failed: npm run test-coverage -- --coverageReporters=\"json-summary\" --testFailureExitCode=0\nnpm ERR! code ELIFECYCLE\nnpm ERR! errno 1\nnpm ERR! sd-0x-project-trybewallet@0.1.0 test-coverage: `react-scripts test --coverage --watchAll=false \"--coverageReporters=json-summary\" \"--testFailureExitCode=0\"`\nnpm ERR! Exit status 1\nnpm ERR! \nnpm ERR! Failed at the sd-0x-project-trybewallet@0.1.0 test-coverage script.\nnpm ERR! This is probably not a problem with npm. There is likely additional logging output above.\n\nnpm ERR! A complete log of this run can be found in:\nnpm ERR!     /home/larissa/.npm/_logs/2022-07-29T22_45_03_554Z-debug.log\n\n\nhttps://on.cypress.io/api/task",
                "estack": "CypressError: `cy.task('getCoverage')` failed with the following error:\n\n> Command failed: npm run test-coverage -- --coverageReporters=\"json-summary\" --testFailureExitCode=0\nnpm ERR! code ELIFECYCLE\nnpm ERR! errno 1\nnpm ERR! sd-0x-project-trybewallet@0.1.0 test-coverage: `react-scripts test --coverage --watchAll=false \"--coverageReporters=json-summary\" \"--testFailureExitCode=0\"`\nnpm ERR! Exit status 1\nnpm ERR! \nnpm ERR! Failed at the sd-0x-project-trybewallet@0.1.0 test-coverage script.\nnpm ERR! This is probably not a problem with npm. There is likely additional logging output above.\n\nnpm ERR! A complete log of this run can be found in:\nnpm ERR!     /home/larissa/.npm/_logs/2022-07-29T22_45_03_554Z-debug.log\n\n\nhttps://on.cypress.io/api/task\n    at http://localhost:44407/__cypress/runner/cypress_runner.js:167117:78\n    at tryCatcher (http://localhost:44407/__cypress/runner/cypress_runner.js:13022:23)\n    at Promise._settlePromiseFromHandler (http://localhost:44407/__cypress/runner/cypress_runner.js:10957:31)\n    at Promise._settlePromise (http://localhost:44407/__cypress/runner/cypress_runner.js:11014:18)\n    at Promise._settlePromise0 (http://localhost:44407/__cypress/runner/cypress_runner.js:11059:10)\n    at Promise._settlePromises (http://localhost:44407/__cypress/runner/cypress_runner.js:11135:18)\n    at _drainQueueStep (http://localhost:44407/__cypress/runner/cypress_runner.js:7729:12)\n    at _drainQueue (http://localhost:44407/__cypress/runner/cypress_runner.js:7722:9)\n    at Async.../../node_modules/bluebird/js/release/async.js.Async._drainQueues (http://localhost:44407/__cypress/runner/cypress_runner.js:7738:5)\n    at Async.drainQueues (http://localhost:44407/__cypress/runner/cypress_runner.js:7608:14)\nFrom Your Spec Code:\n    at Context.eval (http://localhost:44407/__cypress/tests?p=cypress/integration/05.TestCoverage_spec.js:103:8)\n\nFrom Node.js Internals:\n  Error: Command failed: npm run test-coverage -- --coverageReporters=\"json-summary\" --testFailureExitCode=0\n  npm ERR! code ELIFECYCLE\n  npm ERR! errno 1\n  npm ERR! sd-0x-project-trybewallet@0.1.0 test-coverage: `react-scripts test --coverage --watchAll=false \"--coverageReporters=json-summary\" \"--testFailureExitCode=0\"`\n  npm ERR! Exit status 1\n  npm ERR! \n  npm ERR! Failed at the sd-0x-project-trybewallet@0.1.0 test-coverage script.\n  npm ERR! This is probably not a problem with npm. There is likely additional logging output above.\n  \n  npm ERR! A complete log of this run can be found in:\n  npm ERR!     /home/larissa/.npm/_logs/2022-07-29T22_45_03_554Z-debug.log\n  \n      at ChildProcess.exithandler (child_process.js:383:12)\n      at ChildProcess.emit (events.js:400:28)\n      at maybeClose (internal/child_process.js:1058:16)\n      at Process.ChildProcess._handle.onexit (internal/child_process.js:293:5)",
                "diff": null
              },
              "uuid": "19e14727-312b-449e-bb81-1910d3553d31",
              "parentUUID": "173811a4-752c-47c5-aaea-0b880857152c",
              "isHook": false,
              "skipped": false
            },
            {
              "title": "Cobertura de \"Functions\" total deverá ser maior ou igual a 60.",
              "fullTitle": "5 - Desenvolva testes para atingir 60% de cobertura total da aplicação Cobertura de \"Functions\" total deverá ser maior ou igual a 60.",
              "timedOut": null,
              "duration": 777,
              "state": "failed",
              "speed": null,
              "pass": false,
              "fail": true,
              "pending": false,
              "context": null,
              "code": "cy.task('getCoverage', (0, _getId.getId)()).its('total.functions.pct', {\n  timeout: 0\n}).should('be.gte', 60.00);",
              "err": {
                "message": "CypressError: `cy.task('getCoverage')` failed with the following error:\n\n> Command failed: npm run test-coverage -- --coverageReporters=\"json-summary\" --testFailureExitCode=0\nnpm ERR! code ELIFECYCLE\nnpm ERR! errno 1\nnpm ERR! sd-0x-project-trybewallet@0.1.0 test-coverage: `react-scripts test --coverage --watchAll=false \"--coverageReporters=json-summary\" \"--testFailureExitCode=0\"`\nnpm ERR! Exit status 1\nnpm ERR! \nnpm ERR! Failed at the sd-0x-project-trybewallet@0.1.0 test-coverage script.\nnpm ERR! This is probably not a problem with npm. There is likely additional logging output above.\n\nnpm ERR! A complete log of this run can be found in:\nnpm ERR!     /home/larissa/.npm/_logs/2022-07-29T22_45_04_377Z-debug.log\n\n\nhttps://on.cypress.io/api/task",
                "estack": "CypressError: `cy.task('getCoverage')` failed with the following error:\n\n> Command failed: npm run test-coverage -- --coverageReporters=\"json-summary\" --testFailureExitCode=0\nnpm ERR! code ELIFECYCLE\nnpm ERR! errno 1\nnpm ERR! sd-0x-project-trybewallet@0.1.0 test-coverage: `react-scripts test --coverage --watchAll=false \"--coverageReporters=json-summary\" \"--testFailureExitCode=0\"`\nnpm ERR! Exit status 1\nnpm ERR! \nnpm ERR! Failed at the sd-0x-project-trybewallet@0.1.0 test-coverage script.\nnpm ERR! This is probably not a problem with npm. There is likely additional logging output above.\n\nnpm ERR! A complete log of this run can be found in:\nnpm ERR!     /home/larissa/.npm/_logs/2022-07-29T22_45_04_377Z-debug.log\n\n\nhttps://on.cypress.io/api/task\n    at http://localhost:44407/__cypress/runner/cypress_runner.js:167117:78\n    at tryCatcher (http://localhost:44407/__cypress/runner/cypress_runner.js:13022:23)\n    at Promise._settlePromiseFromHandler (http://localhost:44407/__cypress/runner/cypress_runner.js:10957:31)\n    at Promise._settlePromise (http://localhost:44407/__cypress/runner/cypress_runner.js:11014:18)\n    at Promise._settlePromise0 (http://localhost:44407/__cypress/runner/cypress_runner.js:11059:10)\n    at Promise._settlePromises (http://localhost:44407/__cypress/runner/cypress_runner.js:11135:18)\n    at _drainQueueStep (http://localhost:44407/__cypress/runner/cypress_runner.js:7729:12)\n    at _drainQueue (http://localhost:44407/__cypress/runner/cypress_runner.js:7722:9)\n    at Async.../../node_modules/bluebird/js/release/async.js.Async._drainQueues (http://localhost:44407/__cypress/runner/cypress_runner.js:7738:5)\n    at Async.drainQueues (http://localhost:44407/__cypress/runner/cypress_runner.js:7608:14)\nFrom Your Spec Code:\n    at Context.eval (http://localhost:44407/__cypress/tests?p=cypress/integration/05.TestCoverage_spec.js:108:8)\n\nFrom Node.js Internals:\n  Error: Command failed: npm run test-coverage -- --coverageReporters=\"json-summary\" --testFailureExitCode=0\n  npm ERR! code ELIFECYCLE\n  npm ERR! errno 1\n  npm ERR! sd-0x-project-trybewallet@0.1.0 test-coverage: `react-scripts test --coverage --watchAll=false \"--coverageReporters=json-summary\" \"--testFailureExitCode=0\"`\n  npm ERR! Exit status 1\n  npm ERR! \n  npm ERR! Failed at the sd-0x-project-trybewallet@0.1.0 test-coverage script.\n  npm ERR! This is probably not a problem with npm. There is likely additional logging output above.\n  \n  npm ERR! A complete log of this run can be found in:\n  npm ERR!     /home/larissa/.npm/_logs/2022-07-29T22_45_04_377Z-debug.log\n  \n      at ChildProcess.exithandler (child_process.js:383:12)\n      at ChildProcess.emit (events.js:400:28)\n      at maybeClose (internal/child_process.js:1058:16)\n      at Process.ChildProcess._handle.onexit (internal/child_process.js:293:5)",
                "diff": null
              },
              "uuid": "2170f009-fcca-4ac4-a05f-49412603afd6",
              "parentUUID": "173811a4-752c-47c5-aaea-0b880857152c",
              "isHook": false,
              "skipped": false
            },
            {
              "title": "Cobertura de \"Branches\" total deverá ser maior ou igual a 60.",
              "fullTitle": "5 - Desenvolva testes para atingir 60% de cobertura total da aplicação Cobertura de \"Branches\" total deverá ser maior ou igual a 60.",
              "timedOut": null,
              "duration": 756,
              "state": "failed",
              "speed": null,
              "pass": false,
              "fail": true,
              "pending": false,
              "context": null,
              "code": "cy.task('getCoverage', (0, _getId.getId)()).its('total.branches.pct', {\n  timeout: 0\n}).should('be.gte', 60.00);",
              "err": {
                "message": "CypressError: `cy.task('getCoverage')` failed with the following error:\n\n> Command failed: npm run test-coverage -- --coverageReporters=\"json-summary\" --testFailureExitCode=0\nnpm ERR! code ELIFECYCLE\nnpm ERR! errno 1\nnpm ERR! sd-0x-project-trybewallet@0.1.0 test-coverage: `react-scripts test --coverage --watchAll=false \"--coverageReporters=json-summary\" \"--testFailureExitCode=0\"`\nnpm ERR! Exit status 1\nnpm ERR! \nnpm ERR! Failed at the sd-0x-project-trybewallet@0.1.0 test-coverage script.\nnpm ERR! This is probably not a problem with npm. There is likely additional logging output above.\n\nnpm ERR! A complete log of this run can be found in:\nnpm ERR!     /home/larissa/.npm/_logs/2022-07-29T22_45_05_146Z-debug.log\n\n\nhttps://on.cypress.io/api/task",
                "estack": "CypressError: `cy.task('getCoverage')` failed with the following error:\n\n> Command failed: npm run test-coverage -- --coverageReporters=\"json-summary\" --testFailureExitCode=0\nnpm ERR! code ELIFECYCLE\nnpm ERR! errno 1\nnpm ERR! sd-0x-project-trybewallet@0.1.0 test-coverage: `react-scripts test --coverage --watchAll=false \"--coverageReporters=json-summary\" \"--testFailureExitCode=0\"`\nnpm ERR! Exit status 1\nnpm ERR! \nnpm ERR! Failed at the sd-0x-project-trybewallet@0.1.0 test-coverage script.\nnpm ERR! This is probably not a problem with npm. There is likely additional logging output above.\n\nnpm ERR! A complete log of this run can be found in:\nnpm ERR!     /home/larissa/.npm/_logs/2022-07-29T22_45_05_146Z-debug.log\n\n\nhttps://on.cypress.io/api/task\n    at http://localhost:44407/__cypress/runner/cypress_runner.js:167117:78\n    at tryCatcher (http://localhost:44407/__cypress/runner/cypress_runner.js:13022:23)\n    at Promise._settlePromiseFromHandler (http://localhost:44407/__cypress/runner/cypress_runner.js:10957:31)\n    at Promise._settlePromise (http://localhost:44407/__cypress/runner/cypress_runner.js:11014:18)\n    at Promise._settlePromise0 (http://localhost:44407/__cypress/runner/cypress_runner.js:11059:10)\n    at Promise._settlePromises (http://localhost:44407/__cypress/runner/cypress_runner.js:11135:18)\n    at _drainQueueStep (http://localhost:44407/__cypress/runner/cypress_runner.js:7729:12)\n    at _drainQueue (http://localhost:44407/__cypress/runner/cypress_runner.js:7722:9)\n    at Async.../../node_modules/bluebird/js/release/async.js.Async._drainQueues (http://localhost:44407/__cypress/runner/cypress_runner.js:7738:5)\n    at Async.drainQueues (http://localhost:44407/__cypress/runner/cypress_runner.js:7608:14)\nFrom Your Spec Code:\n    at Context.eval (http://localhost:44407/__cypress/tests?p=cypress/integration/05.TestCoverage_spec.js:113:8)\n\nFrom Node.js Internals:\n  Error: Command failed: npm run test-coverage -- --coverageReporters=\"json-summary\" --testFailureExitCode=0\n  npm ERR! code ELIFECYCLE\n  npm ERR! errno 1\n  npm ERR! sd-0x-project-trybewallet@0.1.0 test-coverage: `react-scripts test --coverage --watchAll=false \"--coverageReporters=json-summary\" \"--testFailureExitCode=0\"`\n  npm ERR! Exit status 1\n  npm ERR! \n  npm ERR! Failed at the sd-0x-project-trybewallet@0.1.0 test-coverage script.\n  npm ERR! This is probably not a problem with npm. There is likely additional logging output above.\n  \n  npm ERR! A complete log of this run can be found in:\n  npm ERR!     /home/larissa/.npm/_logs/2022-07-29T22_45_05_146Z-debug.log\n  \n      at ChildProcess.exithandler (child_process.js:383:12)\n      at ChildProcess.emit (events.js:400:28)\n      at maybeClose (internal/child_process.js:1058:16)\n      at Process.ChildProcess._handle.onexit (internal/child_process.js:293:5)",
                "diff": null
              },
              "uuid": "5a4b4637-037d-4843-8e4b-bb69d247a86b",
              "parentUUID": "173811a4-752c-47c5-aaea-0b880857152c",
              "isHook": false,
              "skipped": false
            },
            {
              "title": "Cobertura de \"Lines\" total deverá ser maior ou igual a 60.",
              "fullTitle": "5 - Desenvolva testes para atingir 60% de cobertura total da aplicação Cobertura de \"Lines\" total deverá ser maior ou igual a 60.",
              "timedOut": null,
              "duration": 757,
              "state": "failed",
              "speed": null,
              "pass": false,
              "fail": true,
              "pending": false,
              "context": null,
              "code": "cy.task('getCoverage', (0, _getId.getId)()).its('total.lines.pct', {\n  timeout: 0\n}).should('be.gte', 60.00);",
              "err": {
                "message": "CypressError: `cy.task('getCoverage')` failed with the following error:\n\n> Command failed: npm run test-coverage -- --coverageReporters=\"json-summary\" --testFailureExitCode=0\nnpm ERR! code ELIFECYCLE\nnpm ERR! errno 1\nnpm ERR! sd-0x-project-trybewallet@0.1.0 test-coverage: `react-scripts test --coverage --watchAll=false \"--coverageReporters=json-summary\" \"--testFailureExitCode=0\"`\nnpm ERR! Exit status 1\nnpm ERR! \nnpm ERR! Failed at the sd-0x-project-trybewallet@0.1.0 test-coverage script.\nnpm ERR! This is probably not a problem with npm. There is likely additional logging output above.\n\nnpm ERR! A complete log of this run can be found in:\nnpm ERR!     /home/larissa/.npm/_logs/2022-07-29T22_45_05_912Z-debug.log\n\n\nhttps://on.cypress.io/api/task",
                "estack": "CypressError: `cy.task('getCoverage')` failed with the following error:\n\n> Command failed: npm run test-coverage -- --coverageReporters=\"json-summary\" --testFailureExitCode=0\nnpm ERR! code ELIFECYCLE\nnpm ERR! errno 1\nnpm ERR! sd-0x-project-trybewallet@0.1.0 test-coverage: `react-scripts test --coverage --watchAll=false \"--coverageReporters=json-summary\" \"--testFailureExitCode=0\"`\nnpm ERR! Exit status 1\nnpm ERR! \nnpm ERR! Failed at the sd-0x-project-trybewallet@0.1.0 test-coverage script.\nnpm ERR! This is probably not a problem with npm. There is likely additional logging output above.\n\nnpm ERR! A complete log of this run can be found in:\nnpm ERR!     /home/larissa/.npm/_logs/2022-07-29T22_45_05_912Z-debug.log\n\n\nhttps://on.cypress.io/api/task\n    at http://localhost:44407/__cypress/runner/cypress_runner.js:167117:78\n    at tryCatcher (http://localhost:44407/__cypress/runner/cypress_runner.js:13022:23)\n    at Promise._settlePromiseFromHandler (http://localhost:44407/__cypress/runner/cypress_runner.js:10957:31)\n    at Promise._settlePromise (http://localhost:44407/__cypress/runner/cypress_runner.js:11014:18)\n    at Promise._settlePromise0 (http://localhost:44407/__cypress/runner/cypress_runner.js:11059:10)\n    at Promise._settlePromises (http://localhost:44407/__cypress/runner/cypress_runner.js:11135:18)\n    at _drainQueueStep (http://localhost:44407/__cypress/runner/cypress_runner.js:7729:12)\n    at _drainQueue (http://localhost:44407/__cypress/runner/cypress_runner.js:7722:9)\n    at Async.../../node_modules/bluebird/js/release/async.js.Async._drainQueues (http://localhost:44407/__cypress/runner/cypress_runner.js:7738:5)\n    at Async.drainQueues (http://localhost:44407/__cypress/runner/cypress_runner.js:7608:14)\nFrom Your Spec Code:\n    at Context.eval (http://localhost:44407/__cypress/tests?p=cypress/integration/05.TestCoverage_spec.js:118:8)\n\nFrom Node.js Internals:\n  Error: Command failed: npm run test-coverage -- --coverageReporters=\"json-summary\" --testFailureExitCode=0\n  npm ERR! code ELIFECYCLE\n  npm ERR! errno 1\n  npm ERR! sd-0x-project-trybewallet@0.1.0 test-coverage: `react-scripts test --coverage --watchAll=false \"--coverageReporters=json-summary\" \"--testFailureExitCode=0\"`\n  npm ERR! Exit status 1\n  npm ERR! \n  npm ERR! Failed at the sd-0x-project-trybewallet@0.1.0 test-coverage script.\n  npm ERR! This is probably not a problem with npm. There is likely additional logging output above.\n  \n  npm ERR! A complete log of this run can be found in:\n  npm ERR!     /home/larissa/.npm/_logs/2022-07-29T22_45_05_912Z-debug.log\n  \n      at ChildProcess.exithandler (child_process.js:383:12)\n      at ChildProcess.emit (events.js:400:28)\n      at maybeClose (internal/child_process.js:1058:16)\n      at Socket.<anonymous> (internal/child_process.js:443:11)\n      at Socket.emit (events.js:400:28)\n      at Pipe.<anonymous> (net.js:686:12)",
                "diff": null
              },
              "uuid": "40be6875-3c8f-47c3-86c6-18100d42d2ef",
              "parentUUID": "173811a4-752c-47c5-aaea-0b880857152c",
              "isHook": false,
              "skipped": false
            }
          ],
          "suites": [],
          "passes": [],
          "failures": [
            "19e14727-312b-449e-bb81-1910d3553d31",
            "2170f009-fcca-4ac4-a05f-49412603afd6",
            "5a4b4637-037d-4843-8e4b-bb69d247a86b",
            "40be6875-3c8f-47c3-86c6-18100d42d2ef"
          ],
          "pending": [],
          "skipped": [],
          "duration": 3624,
          "root": false,
          "rootEmpty": false,
          "_timeout": 2000
        }
      ],
      "passes": [],
      "failures": [],
      "pending": [],
      "skipped": [],
      "duration": 0,
      "root": true,
      "rootEmpty": true,
      "_timeout": 2000
    }
  ],
  "meta": {
    "mocha": {
      "version": "7.0.1"
    },
    "mochawesome": {
      "options": {
        "quiet": false,
        "reportFilename": "mochawesome",
        "saveHtml": false,
        "saveJson": true,
        "consoleReporter": "spec",
        "useInlineDiffs": false,
        "code": true
      },
      "version": "7.1.3"
    },
    "marge": {
      "options": {
        "id": "default",
        "reportDir": "cypress/reports",
        "overwrite": false,
        "html": false,
        "json": true
      },
      "version": "6.2.0"
    }
  }
}